
> nextn@0.1.0 build
> prisma generate && next build

warn The configuration property `package.json#prisma` is deprecated and will be removed in Prisma 7. Please migrate to a Prisma config file (e.g., `prisma.config.ts`).
For more information, see: https://pris.ly/prisma-config

Environment variables loaded from .env
Prisma schema loaded from prisma\schema.prisma

✔ Generated Prisma Client (v6.16.2) to .\node_modules\@prisma\client in 234ms

Start by importing your Prisma Client (See: https://pris.ly/d/importing-client)

Tip: Want to turn off tips and other hints? https://pris.ly/tip-4-nohints

⚠ `eslint` configuration in next.config.ts is no longer supported. See more info here: https://nextjs.org/docs/app/api-reference/cli/next#next-lint-options
⚠ Invalid next.config.ts options detected: 
⚠     Unrecognized key(s) in object: 'eslint'
⚠ See more info here: https://nextjs.org/docs/messages/invalid-next-config
▲ Next.js 16.1.3 (Turbopack)
- Environments: .env.production.local, .env.local, .env

⚠ The "middleware" file convention is deprecated. Please use "proxy" instead. Learn more: https://nextjs.org/docs/messages/middleware-to-proxy
  Creating an optimized production build ...
✓ Compiled successfully in 13.0s
  Skipping validation of types
  Collecting page data using 7 workers ...
  Generating static pages using 7 workers (0/122) ...
  Generating static pages using 7 workers (30/122) 
  Generating static pages using 7 workers (60/122) 
  Generating static pages using 7 workers (91/122) 
Error occurred prerendering page "/play". Read more: https://nextjs.org/docs/messages/prerender-error
Error: The default export is not a React Component in "/play/page"
    at ignore-listed frames
Export encountered an error on /(app)/play/page: /play, exiting the build.
⨯ Next.js build worker exited with code: 1 and signal: null
